0 info it worked if it ends with ok
1 verbose cli [ 'c:\\Program Files\\nodejs\\node.exe',
1 verbose cli   'c:\\Program Files\\nodejs\\node_modules\\npm\\bin\\npm-cli.js',
1 verbose cli   'install',
1 verbose cli   'jQuery.eraser' ]
2 info using npm@1.4.9
3 info using node@v0.10.28
4 verbose cache add [ 'jQuery.eraser', null ]
5 verbose cache add name=undefined spec="jQuery.eraser" args=["jQuery.eraser",null]
6 verbose parsed url { protocol: null,
6 verbose parsed url   slashes: null,
6 verbose parsed url   auth: null,
6 verbose parsed url   host: null,
6 verbose parsed url   port: null,
6 verbose parsed url   hostname: null,
6 verbose parsed url   hash: null,
6 verbose parsed url   search: null,
6 verbose parsed url   query: null,
6 verbose parsed url   pathname: 'jQuery.eraser',
6 verbose parsed url   path: 'jQuery.eraser',
6 verbose parsed url   href: 'jQuery.eraser' }
7 silly lockFile dfc462de-jQuery-eraser jQuery.eraser
8 verbose lock jQuery.eraser C:\Users\jiyj\AppData\Roaming\npm-cache\dfc462de-jQuery-eraser.lock
9 silly lockFile dfc462de-jQuery-eraser jQuery.eraser
10 silly lockFile dfc462de-jQuery-eraser jQuery.eraser
11 verbose addNamed [ 'jQuery.eraser', '' ]
12 verbose addNamed [ null, '*' ]
13 silly lockFile 2bfc93df-jQuery-eraser jQuery.eraser@
14 verbose lock jQuery.eraser@ C:\Users\jiyj\AppData\Roaming\npm-cache\2bfc93df-jQuery-eraser.lock
15 silly addNameRange { name: 'jQuery.eraser', range: '*', hasData: false }
16 verbose url raw jQuery.eraser
17 verbose url resolving [ 'https://registry.npmjs.org/', './jQuery.eraser' ]
18 verbose url resolved https://registry.npmjs.org/jQuery.eraser
19 info trying registry request attempt 1 at 15:19:58
20 http GET https://registry.npmjs.org/jQuery.eraser
21 http 404 https://registry.npmjs.org/jQuery.eraser
22 verbose headers { date: 'Thu, 26 Mar 2015 07:20:56 GMT',
22 verbose headers   server: 'CouchDB/1.5.0 (Erlang OTP/R16B03)',
22 verbose headers   'content-type': 'application/json',
22 verbose headers   'cache-control': 'max-age=0',
22 verbose headers   'content-length': '51',
22 verbose headers   'accept-ranges': 'bytes',
22 verbose headers   via: '1.1 varnish',
22 verbose headers   age: '0',
22 verbose headers   'x-served-by': 'cache-nrt6120-NRT',
22 verbose headers   'x-cache': 'MISS',
22 verbose headers   'x-cache-hits': '0',
22 verbose headers   'x-timer': 'S1427354455.375510,VS0,VE764',
22 verbose headers   'keep-alive': 'timeout=10, max=50',
22 verbose headers   connection: 'Keep-Alive' }
23 silly registry.get cb [ 404,
23 silly registry.get   { date: 'Thu, 26 Mar 2015 07:20:56 GMT',
23 silly registry.get     server: 'CouchDB/1.5.0 (Erlang OTP/R16B03)',
23 silly registry.get     'content-type': 'application/json',
23 silly registry.get     'cache-control': 'max-age=0',
23 silly registry.get     'content-length': '51',
23 silly registry.get     'accept-ranges': 'bytes',
23 silly registry.get     via: '1.1 varnish',
23 silly registry.get     age: '0',
23 silly registry.get     'x-served-by': 'cache-nrt6120-NRT',
23 silly registry.get     'x-cache': 'MISS',
23 silly registry.get     'x-cache-hits': '0',
23 silly registry.get     'x-timer': 'S1427354455.375510,VS0,VE764',
23 silly registry.get     'keep-alive': 'timeout=10, max=50',
23 silly registry.get     connection: 'Keep-Alive' } ]
24 silly lockFile 2bfc93df-jQuery-eraser jQuery.eraser@
25 silly lockFile 2bfc93df-jQuery-eraser jQuery.eraser@
26 error 404 404 Not Found: jQuery.eraser
26 error 404
26 error 404 'jQuery.eraser' is not in the npm registry.
26 error 404 You should bug the author to publish it
26 error 404
26 error 404 Note that you can also install from a
26 error 404 tarball, folder, or http url, or git url.
27 error System Windows_NT 6.1.7601
28 error command "c:\\Program Files\\nodejs\\node.exe" "c:\\Program Files\\nodejs\\node_modules\\npm\\bin\\npm-cli.js" "install" "jQuery.eraser"
29 error cwd d:\GitHub\html5demos\app\maskgone\js
30 error node -v v0.10.28
31 error npm -v 1.4.9
32 error code E404
33 verbose exit [ 1, true ]
